<?xml version="1.0" encoding="UTF-8"?>
<!-- Generated by org.testng.reporters.JUnitXMLReporter -->
<testsuite ignored="1" hostname="DESKTOP-BNJ5K6C" failures="0" tests="2" name="Default test" time="3.268" errors="0" timestamp="2026-05-21T21:44:13 IST">
  <testcase classname="com.leadwinner.api.tests.Test_UserLoginAPI" name="signinWithValidDetails" time="2.541"/>
  <testcase classname="com.leadwinner.api.tests.Test_UserLoginAPI" name="createProjectDetails" time="0.374"/>
  <testcase classname="com.leadwinner.api.tests.Test_UserLoginAPI" name="data" time="0.0">
    <ignored/>
  </testcase> <!-- data -->
</testsuite> <!-- Default test -->
