<?xml version="1.0" encoding="UTF-8"?>
<testng-results ignored="0" total="1" passed="1" failed="0" skipped="0">
  <reporter-output>
  </reporter-output>
  <suite started-at="2026-05-21T08:00:39 IST" name="Default suite" finished-at="2026-05-21T08:00:41 IST" duration-ms="2423">
    <groups>
    </groups>
    <test started-at="2026-05-21T08:00:39 IST" name="Default test" finished-at="2026-05-21T08:00:41 IST" duration-ms="2423">
      <class name="com.leadwinner.api.tests.Test_UserLoginAPI">
        <test-method is-config="true" signature="setUp()[pri:0, instance:com.leadwinner.api.tests.Test_UserLoginAPI@131774fe]" started-at="2026-05-21T08:00:39 IST" name="setUp" finished-at="2026-05-21T08:00:39 IST" duration-ms="431" status="PASS">
          <reporter-output>
          </reporter-output>
        </test-method> <!-- setUp -->
        <test-method signature="signinWithValidDetails()[pri:0, instance:com.leadwinner.api.tests.Test_UserLoginAPI@131774fe]" started-at="2026-05-21T08:00:39 IST" name="signinWithValidDetails" finished-at="2026-05-21T08:00:41 IST" duration-ms="1945" status="PASS">
          <reporter-output>
          </reporter-output>
        </test-method> <!-- signinWithValidDetails -->
      </class> <!-- com.leadwinner.api.tests.Test_UserLoginAPI -->
    </test> <!-- Default test -->
  </suite> <!-- Default suite -->
</testng-results>
