<?xml version="1.0" encoding="UTF-8"?>
<testng-results ignored="0" total="2" passed="2" failed="0" skipped="0">
  <reporter-output>
  </reporter-output>
  <suite started-at="2026-05-21T21:44:09 IST" name="Default suite" finished-at="2026-05-21T21:44:13 IST" duration-ms="3268">
    <groups>
    </groups>
    <test started-at="2026-05-21T21:44:09 IST" name="Default test" finished-at="2026-05-21T21:44:13 IST" duration-ms="3268">
      <class name="com.leadwinner.api.tests.Test_UserLoginAPI">
        <test-method is-config="true" signature="setUp()[pri:0, instance:com.leadwinner.api.tests.Test_UserLoginAPI@7f0eb4b4]" started-at="2026-05-21T21:44:09 IST" name="setUp" finished-at="2026-05-21T21:44:10 IST" duration-ms="318" status="PASS">
          <reporter-output>
          </reporter-output>
        </test-method> <!-- setUp -->
        <test-method signature="signinWithValidDetails()[pri:1, instance:com.leadwinner.api.tests.Test_UserLoginAPI@7f0eb4b4]" started-at="2026-05-21T21:44:10 IST" name="signinWithValidDetails" finished-at="2026-05-21T21:44:12 IST" duration-ms="2541" status="PASS">
          <reporter-output>
          </reporter-output>
        </test-method> <!-- signinWithValidDetails -->
        <test-method signature="createProjectDetails()[pri:2, instance:com.leadwinner.api.tests.Test_UserLoginAPI@7f0eb4b4]" started-at="2026-05-21T21:44:12 IST" name="createProjectDetails" finished-at="2026-05-21T21:44:13 IST" duration-ms="374" status="PASS">
          <reporter-output>
          </reporter-output>
        </test-method> <!-- createProjectDetails -->
      </class> <!-- com.leadwinner.api.tests.Test_UserLoginAPI -->
    </test> <!-- Default test -->
  </suite> <!-- Default suite -->
</testng-results>
