<?xml version="1.0" encoding="UTF-8"?>
<!-- Generated by org.testng.reporters.JUnitReportReporter -->
<testsuite hostname="DESKTOP-BNJ5K6C" failures="0" tests="3" name="com.leadwinner.api.tests.Test_UserLoginAPI" time="2.915" errors="0" timestamp="2026-05-21T21:44:13 IST" skipped="1">
  <testcase classname="com.leadwinner.api.tests.Test_UserLoginAPI" name="signinWithValidDetails" time="2.541"/>
  <testcase classname="com.leadwinner.api.tests.Test_UserLoginAPI" name="createProjectDetails" time="0.374"/>
  <testcase classname="com.leadwinner.api.tests.Test_UserLoginAPI" name="data">
    <skipped/>
  </testcase> <!-- data -->
</testsuite> <!-- com.leadwinner.api.tests.Test_UserLoginAPI -->
